{
  "RSpec": {
    "coverage": {
      "/Users/charlottefereday/Development/Week_10/bank_tech_test_v2/spec/account_spec.rb": [
        null,
        null,
        1,
        null,
        1,
        5,
        null,
        1,
        1,
        1,
        null,
        null,
        null,
        1,
        1,
        1,
        null,
        null,
        1,
        1,
        null,
        null,
        null,
        1,
        1,
        1,
        null,
        null,
        null,
        null
      ],
      "/Users/charlottefereday/Development/Week_10/bank_tech_test_v2/lib/account.rb": [
        null,
        1,
        null,
        1,
        5,
        null,
        null,
        1,
        2,
        null,
        null,
        1,
        1,
        1,
        1,
        null,
        null,
        null,
        null
      ]
    },
    "timestamp": 1499779661
  }
}
